
























PHP Warning:  include(/var/www/html/golden/system/init.php): Failed to open stream: No such file or directory in /var/www/html/golden/system/mikrotik_user_usage.php on line 9
PHP Warning:  include(): Failed opening '/var/www/html/golden/system/init.php' for inclusion (include_path='.:/usr/share/php') in /var/www/html/golden/system/mikrotik_user_usage.php on line 9
[2025-09-17 16:58:02] === Enhanced Usage Monitor Cron Started ===
PHP Fatal error:  Uncaught Error: Call to undefined function run_hook() in /var/www/html/golden/system/mikrotik_user_usage.php:39
Stack trace:
#0 {main}
  thrown in /var/www/html/golden/system/mikrotik_user_usage.php on line 39
PHP Warning:  include(/var/www/html/golden/system/init.php): Failed to open stream: No such file or directory in /var/www/html/golden/system/mikrotik_user_usage.php on line 9
PHP Warning:  include(): Failed opening '/var/www/html/golden/system/init.php' for inclusion (include_path='.:/usr/share/php') in /var/www/html/golden/system/mikrotik_user_usage.php on line 9
[2025-09-17 17:00:01] === Enhanced Usage Monitor Cron Started ===
PHP Fatal error:  Uncaught Error: Call to undefined function run_hook() in /var/www/html/golden/system/mikrotik_user_usage.php:39
Stack trace:
#0 {main}
  thrown in /var/www/html/golden/system/mikrotik_user_usage.php on line 39
PHP Warning:  include(/var/www/html/golden/system/init.php): Failed to open stream: No such file or directory in /var/www/html/golden/system/mikrotik_user_usage.php on line 9
PHP Warning:  include(): Failed opening '/var/www/html/golden/system/init.php' for inclusion (include_path='.:/usr/share/php') in /var/www/html/golden/system/mikrotik_user_usage.php on line 9
[2025-09-17 17:02:01] === Enhanced Usage Monitor Cron Started ===
PHP Fatal error:  Uncaught Error: Call to undefined function run_hook() in /var/www/html/golden/system/mikrotik_user_usage.php:39
Stack trace:
#0 {main}
  thrown in /var/www/html/golden/system/mikrotik_user_usage.php on line 39
PHP Warning:  include(/var/www/html/golden/system/init.php): Failed to open stream: No such file or directory in /var/www/html/golden/system/mikrotik_user_usage.php on line 9
PHP Warning:  include(): Failed opening '/var/www/html/golden/system/init.php' for inclusion (include_path='.:/usr/share/php') in /var/www/html/golden/system/mikrotik_user_usage.php on line 9
[2025-09-17 17:04:01] === Enhanced Usage Monitor Cron Started ===
PHP Fatal error:  Uncaught Error: Call to undefined function run_hook() in /var/www/html/golden/system/mikrotik_user_usage.php:39
Stack trace:
#0 {main}
  thrown in /var/www/html/golden/system/mikrotik_user_usage.php on line 39
PHP Warning:  include(/var/www/html/golden/system/init.php): Failed to open stream: No such file or directory in /var/www/html/golden/system/mikrotik_user_usage.php on line 9
PHP Warning:  include(): Failed opening '/var/www/html/golden/system/init.php' for inclusion (include_path='.:/usr/share/php') in /var/www/html/golden/system/mikrotik_user_usage.php on line 9
[2025-09-17 17:06:01] === Enhanced Usage Monitor Cron Started ===
PHP Fatal error:  Uncaught Error: Call to undefined function run_hook() in /var/www/html/golden/system/mikrotik_user_usage.php:39
Stack trace:
#0 {main}
  thrown in /var/www/html/golden/system/mikrotik_user_usage.php on line 39
PHP Warning:  include(/var/www/html/golden/system/init.php): Failed to open stream: No such file or directory in /var/www/html/golden/system/mikrotik_user_usage.php on line 9
PHP Warning:  include(): Failed opening '/var/www/html/golden/system/init.php' for inclusion (include_path='.:/usr/share/php') in /var/www/html/golden/system/mikrotik_user_usage.php on line 9
[2025-09-17 17:08:01] === Enhanced Usage Monitor Cron Started ===
PHP Fatal error:  Uncaught Error: Call to undefined function run_hook() in /var/www/html/golden/system/mikrotik_user_usage.php:39
Stack trace:
#0 {main}
  thrown in /var/www/html/golden/system/mikrotik_user_usage.php on line 39
PHP Warning:  include(/var/www/html/golden/system/init.php): Failed to open stream: No such file or directory in /var/www/html/golden/system/mikrotik_user_usage.php on line 9
PHP Warning:  include(): Failed opening '/var/www/html/golden/system/init.php' for inclusion (include_path='.:/usr/share/php') in /var/www/html/golden/system/mikrotik_user_usage.php on line 9
[2025-09-17 17:10:01] === Enhanced Usage Monitor Cron Started ===
PHP Fatal error:  Uncaught Error: Call to undefined function run_hook() in /var/www/html/golden/system/mikrotik_user_usage.php:39
Stack trace:
#0 {main}
  thrown in /var/www/html/golden/system/mikrotik_user_usage.php on line 39
PHP Warning:  include(/var/www/html/golden/system/init.php): Failed to open stream: No such file or directory in /var/www/html/golden/system/mikrotik_user_usage.php on line 9
PHP Warning:  include(): Failed opening '/var/www/html/golden/system/init.php' for inclusion (include_path='.:/usr/share/php') in /var/www/html/golden/system/mikrotik_user_usage.php on line 9
[2025-09-17 17:12:01] === Enhanced Usage Monitor Cron Started ===
PHP Fatal error:  Uncaught Error: Call to undefined function run_hook() in /var/www/html/golden/system/mikrotik_user_usage.php:39
Stack trace:
#0 {main}
  thrown in /var/www/html/golden/system/mikrotik_user_usage.php on line 39
